<?xml version="1.0" encoding="UTF-8"?>
<testng-results ignored="0" total="1" passed="1" failed="0" skipped="0">
  <reporter-output>
  </reporter-output>
  <suite started-at="2022-02-18T18:17:19 GMT-05:00" name="Default suite" finished-at="2022-02-18T18:17:44 GMT-05:00" duration-ms="25556">
    <groups>
    </groups>
    <test started-at="2022-02-18T18:17:19 GMT-05:00" name="Default test" finished-at="2022-02-18T18:17:44 GMT-05:00" duration-ms="25556">
      <class name="testNg.VerifyPageTitle">
        <test-method is-config="true" signature="openApplication()[pri:0, instance:testNg.VerifyPageTitle@54a7079e]" started-at="2022-02-18T18:17:19 GMT-05:00" name="openApplication" finished-at="2022-02-18T18:17:44 GMT-05:00" duration-ms="25154" status="PASS">
          <reporter-output>
          </reporter-output>
        </test-method> <!-- openApplication -->
        <test-method signature="verifyTitle()[pri:0, instance:testNg.VerifyPageTitle@54a7079e]" started-at="2022-02-18T18:17:44 GMT-05:00" name="verifyTitle" finished-at="2022-02-18T18:17:44 GMT-05:00" duration-ms="24" status="PASS">
          <reporter-output>
          </reporter-output>
        </test-method> <!-- verifyTitle -->
        <test-method is-config="true" signature="closeApplication()[pri:0, instance:testNg.VerifyPageTitle@54a7079e]" started-at="2022-02-18T18:17:44 GMT-05:00" name="closeApplication" finished-at="2022-02-18T18:17:44 GMT-05:00" duration-ms="317" status="PASS">
          <reporter-output>
          </reporter-output>
        </test-method> <!-- closeApplication -->
      </class> <!-- testNg.VerifyPageTitle -->
    </test> <!-- Default test -->
  </suite> <!-- Default suite -->
</testng-results>
